<?xml version="1.0" encoding="UTF-8"?>
<!-- Generated by org.testng.reporters.JUnitReportReporter -->
<testsuite skipped="0" hostname="Mac-mini.local" name="com.klindziuk.taf.test.LanguageTest" tests="1" failures="0" timestamp="2020-02-08T16:08:25 MSK" time="10.502" errors="0">
  <testcase name="languageSwitchTest" time="10.502" classname="com.klindziuk.taf.test.LanguageTest"/>
</testsuite> <!-- com.klindziuk.taf.test.LanguageTest -->
