<?xml version="1.0" encoding="UTF-8"?>
<!-- Generated by org.testng.reporters.JUnitReportReporter -->
<testsuite skipped="0" hostname="Mac-mini.local" name="com.klindziuk.taf.test.LoginTest" tests="1" failures="0" timestamp="2020-02-08T16:08:20 MSK" time="7.993" errors="0">
  <testcase name="loginTest" time="7.993" classname="com.klindziuk.taf.test.LoginTest"/>
</testsuite> <!-- com.klindziuk.taf.test.LoginTest -->
