<?xml version="1.0" encoding="UTF-8"?>
<!-- Generated by org.testng.reporters.JUnitReportReporter -->
<testsuite skipped="0" hostname="Mac-mini.local" name="com.klindziuk.taf.test.FooterTest" tests="1" failures="0" timestamp="2020-02-08T16:08:30 MSK" time="24.700" errors="0">
  <testcase name="footerTest" time="24.700" classname="com.klindziuk.taf.test.FooterTest"/>
</testsuite> <!-- com.klindziuk.taf.test.FooterTest -->
